{
  "RSpec": {
    "coverage": {
      "/Users/alexwilson/Projects/oystercard/spec/feature/storing_multiple_journeys_spec.rb": [
        1,
        1,
        null,
        1,
        6,
        5,
        5,
        3,
        3,
        null,
        1,
        null,
        1,
        1,
        null,
        null,
        1,
        1,
        4,
        4,
        4,
        null,
        null,
        1,
        1,
        null,
        null,
        1,
        1,
        null,
        null,
        1,
        1,
        2,
        2,
        null,
        null,
        1,
        1,
        null,
        null,
        1,
        1,
        null,
        null,
        null,
        null,
        null,
        null,
        null,
        null,
        null
      ],
      "/Users/alexwilson/Projects/oystercard/lib/oystercard.rb": [
        1,
        1,
        null,
        1,
        null,
        1,
        null,
        1,
        16,
        16,
        16,
        null,
        null,
        1,
        12,
        12,
        11,
        null,
        null,
        1,
        13,
        12,
        12,
        null,
        null,
        1,
        11,
        11,
        11,
        null,
        null,
        1,
        1,
        null,
        null,
        1,
        null,
        1,
        13,
        null,
        null,
        1,
        14,
        14,
        null,
        null,
        1,
        2,
        null,
        null,
        1,
        23,
        null,
        null,
        1,
        13,
        null,
        null,
        1,
        12,
        null,
        null
      ],
      "/Users/alexwilson/Projects/oystercard/lib/journey.rb": [
        1,
        1,
        null,
        1,
        1,
        null,
        1,
        16,
        16,
        null,
        null,
        1,
        21,
        null,
        null,
        1,
        11,
        null,
        null,
        1,
        9,
        7,
        null,
        null,
        1,
        12,
        null,
        null,
        1,
        6,
        null,
        null,
        null
      ],
      "/Users/alexwilson/Projects/oystercard/spec/unit/journey_log_spec.rb": [
        1,
        null,
        1,
        7,
        7,
        null,
        7,
        7,
        7,
        null,
        1,
        1,
        null,
        null,
        1,
        1,
        1,
        1,
        null,
        null,
        1,
        1,
        null,
        null,
        null,
        1,
        1,
        1,
        1,
        1,
        null,
        null,
        null,
        1,
        1,
        1,
        null,
        null,
        1,
        1,
        1,
        null,
        null,
        null
      ],
      "/Users/alexwilson/Projects/oystercard/lib/journey_log.rb": [
        1,
        null,
        1,
        null,
        1,
        6,
        6,
        null,
        null,
        1,
        4,
        null,
        null,
        1,
        1,
        null,
        null,
        1,
        2,
        null,
        null,
        1,
        1,
        1,
        0,
        null,
        null
      ],
      "/Users/alexwilson/Projects/oystercard/spec/unit/journey_spec.rb": [
        1,
        null,
        1,
        10,
        7,
        5,
        null,
        1,
        1,
        null,
        null,
        1,
        1,
        1,
        null,
        null,
        1,
        1,
        1,
        1,
        null,
        null,
        null,
        1,
        1,
        1,
        1,
        null,
        null,
        null,
        1,
        1,
        1,
        1,
        1,
        null,
        null,
        1,
        1,
        1,
        null,
        null,
        1,
        1,
        1,
        null,
        null,
        null,
        null,
        1,
        1,
        1,
        1,
        null,
        null,
        1,
        1,
        1,
        null,
        null,
        1,
        1,
        1,
        1,
        null,
        null,
        null
      ],
      "/Users/alexwilson/Projects/oystercard/spec/unit/oystercard_spec.rb": [
        1,
        null,
        1,
        12,
        null,
        12,
        12,
        12,
        12,
        3,
        3,
        null,
        1,
        1,
        null,
        null,
        1,
        null,
        1,
        4,
        null,
        null,
        1,
        1,
        1,
        1,
        2,
        null,
        null,
        null,
        null,
        1,
        null,
        1,
        1,
        null,
        null,
        null,
        null,
        1,
        null,
        1,
        1,
        2,
        null,
        null,
        1,
        1,
        1,
        1,
        1,
        null,
        null,
        1,
        1,
        1,
        1,
        4,
        null,
        null,
        null,
        null,
        1,
        null,
        1,
        4,
        null,
        null,
        1,
        1,
        1,
        4,
        null,
        null,
        1,
        1,
        1,
        1,
        null,
        null,
        1,
        1,
        4,
        null,
        null,
        1,
        1,
        1,
        1,
        4,
        null,
        null,
        null,
        null,
        null
      ],
      "/Users/alexwilson/Projects/oystercard/spec/unit/station_spec.rb": [
        1,
        null,
        1,
        3,
        null,
        1,
        1,
        null,
        null,
        1,
        1,
        null,
        null
      ],
      "/Users/alexwilson/Projects/oystercard/lib/station.rb": [
        1,
        null,
        1,
        null,
        1,
        2,
        2,
        null,
        null,
        null
      ]
    },
    "timestamp": 1515773335
  }
}
